<?xml version="1.0" encoding="utf-8"?><testsuites name="pytest tests"><testsuite name="pytest" errors="0" failures="0" skipped="0" tests="26" time="6.573" timestamp="2026-05-31T20:11:09.226489+00:00" hostname="agent-env-3c475dae-77c8-469e-bff2-54ec483f39df"><testcase classname="backend.tests.backend_test" name="test_root_ok" time="0.149" /><testcase classname="backend.tests.backend_test.TestAuth" name="test_check_email_admin_exists" time="0.062" /><testcase classname="backend.tests.backend_test.TestAuth" name="test_check_email_unknown" time="0.049" /><testcase classname="backend.tests.backend_test.TestAuth" name="test_login_wrong_password" time="0.598" /><testcase classname="backend.tests.backend_test.TestAuth" name="test_login_correct" time="0.274" /><testcase classname="backend.tests.backend_test.TestAuth" name="test_me_with_token" time="0.048" /><testcase classname="backend.tests.backend_test.TestAuth" name="test_me_without_token" time="0.124" /><testcase classname="backend.tests.backend_test.TestAuth" name="test_setup_password_already_set_rejected" time="0.055" /><testcase classname="backend.tests.backend_test.TestAuth" name="test_change_password_and_revert" time="1.257" /><testcase classname="backend.tests.backend_test.TestUsers" name="test_list_users_admin" time="0.055" /><testcase classname="backend.tests.backend_test.TestUsers" name="test_list_users_forbidden_for_non_admin" time="0.589" /><testcase classname="backend.tests.backend_test.TestUsers" name="test_create_update_delete_collaborator" time="0.879" /><testcase classname="backend.tests.backend_test.TestUsers" name="test_cannot_delete_main_admin" time="0.095" /><testcase classname="backend.tests.backend_test" name="test_crud_module[customers-payload0-phone-999]" time="0.283" /><testcase classname="backend.tests.backend_test" name="test_crud_module[products-payload1-price-14.0]" time="0.295" /><testcase classname="backend.tests.backend_test" name="test_crud_module[materials-payload2-stock-5]" time="0.289" /><testcase classname="backend.tests.backend_test" name="test_crud_module[orders-payload3-status-in_lavorazione]" time="0.311" /><testcase classname="backend.tests.backend_test" name="test_crud_module[invoices-payload4-status-inviato]" time="0.285" /><testcase classname="backend.tests.backend_test" name="test_crud_module[calendar-payload5-title-TEST Evento Aggiornato]" time="0.286" /><testcase classname="backend.tests.backend_test.TestPOS" name="test_create_sale_autocomputes" time="0.145" /><testcase classname="backend.tests.backend_test.TestDashboardReports" name="test_dashboard_stats" time="0.049" /><testcase classname="backend.tests.backend_test.TestDashboardReports" name="test_reports_overview" time="0.048" /><testcase classname="backend.tests.backend_test.TestPermissions" name="test_collab_can_view_customers" time="0.046" /><testcase classname="backend.tests.backend_test.TestPermissions" name="test_collab_cannot_edit_orders" time="0.045" /><testcase classname="backend.tests.backend_test.TestPermissions" name="test_collab_cannot_view_products" time="0.045" /><testcase classname="backend.tests.backend_test.TestPermissions" name="test_admin_can_create_order" time="0.139" /></testsuite></testsuites>